
DESKTOP-L9JT8QA	Fri Mar 11 03:20:59 2016
	Shutting down the server with 1 active connection(s) to 1 database(s), 0 active service(s)


DESKTOP-L9JT8QA	Fri Mar 11 03:51:12 2016
	Shutting down the server with 2 active connection(s) to 1 database(s), 0 active service(s)


DESKTOP-L9JT8QA	Fri Mar 11 03:52:49 2016
	Shutting down the server with 1 active connection(s) to 1 database(s), 0 active service(s)


DESKTOP-L9JT8QA	Fri Mar 11 03:53:42 2016
	Shutting down the server with 1 active connection(s) to 1 database(s), 0 active service(s)


DESKTOP-L9JT8QA	Fri Mar 11 05:06:00 2016
	Shutting down the server with 1 active connection(s) to 1 database(s), 0 active service(s)


DESKTOP-L9JT8QA	Fri Mar 11 05:06:59 2016
	Shutting down the server with 1 active connection(s) to 1 database(s), 0 active service(s)


DESKTOP-L9JT8QA	Fri Mar 11 05:09:52 2016
	Shutting down the server with 1 active connection(s) to 1 database(s), 0 active service(s)


DESKTOP-L9JT8QA	Fri Mar 11 05:11:09 2016
	Shutting down the server with 1 active connection(s) to 1 database(s), 0 active service(s)


DESKTOP-L9JT8QA	Fri Mar 11 05:27:17 2016
	Shutting down the server with 1 active connection(s) to 1 database(s), 0 active service(s)


DESKTOP-L9JT8QA	Fri Mar 11 05:30:39 2016
	Shutting down the server with 1 active connection(s) to 1 database(s), 0 active service(s)


DESKTOP-L9JT8QA	Fri Mar 11 05:32:56 2016
	Shutting down the server with 1 active connection(s) to 1 database(s), 0 active service(s)


DESKTOP-L9JT8QA	Fri Mar 11 05:34:53 2016
	Shutting down the server with 1 active connection(s) to 1 database(s), 0 active service(s)


DESKTOP-L9JT8QA	Fri Mar 11 05:36:34 2016
	Shutting down the server with 1 active connection(s) to 1 database(s), 0 active service(s)


DESKTOP-L9JT8QA	Fri Mar 11 06:16:18 2016
	Shutting down the server with 1 active connection(s) to 1 database(s), 0 active service(s)


DESKTOP-L9JT8QA	Fri Mar 11 06:47:26 2016
	Shutting down the server with 1 active connection(s) to 1 database(s), 0 active service(s)


DESKTOP-L9JT8QA	Fri Mar 11 06:48:49 2016
	Shutting down the server with 1 active connection(s) to 1 database(s), 0 active service(s)


DESKTOP-L9JT8QA	Fri Mar 11 06:48:58 2016
	Shutting down the server with 1 active connection(s) to 1 database(s), 0 active service(s)


DESKTOP-L9JT8QA	Fri Mar 11 06:55:09 2016
	Shutting down the server with 1 active connection(s) to 1 database(s), 0 active service(s)


DESKTOP-L9JT8QA	Fri Mar 11 07:02:28 2016
	Shutting down the server with 1 active connection(s) to 1 database(s), 0 active service(s)


DESKTOP-L9JT8QA	Fri Mar 11 07:03:26 2016
	Shutting down the server with 1 active connection(s) to 1 database(s), 0 active service(s)


DESKTOP-L9JT8QA	Fri Mar 11 07:10:13 2016
	Shutting down the server with 1 active connection(s) to 1 database(s), 0 active service(s)


DESKTOP-L9JT8QA	Fri Mar 11 07:15:02 2016
	Shutting down the server with 1 active connection(s) to 1 database(s), 0 active service(s)


DESKTOP-L9JT8QA	Fri Mar 11 07:17:01 2016
	Shutting down the server with 1 active connection(s) to 1 database(s), 0 active service(s)


DESKTOP-L9JT8QA	Fri Mar 11 07:17:17 2016
	Shutting down the server with 1 active connection(s) to 1 database(s), 0 active service(s)


DESKTOP-L9JT8QA	Fri Mar 11 07:21:24 2016
	Shutting down the server with 1 active connection(s) to 1 database(s), 0 active service(s)


DESKTOP-L9JT8QA	Fri Mar 11 07:22:02 2016
	Shutting down the server with 1 active connection(s) to 1 database(s), 0 active service(s)


DESKTOP-L9JT8QA	Fri Mar 11 07:29:25 2016
	Shutting down the server with 1 active connection(s) to 1 database(s), 0 active service(s)


DESKTOP-L9JT8QA	Fri Mar 11 07:30:07 2016
	Shutting down the server with 1 active connection(s) to 1 database(s), 0 active service(s)


DESKTOP-L9JT8QA	Fri Mar 11 07:30:43 2016
	Shutting down the server with 1 active connection(s) to 1 database(s), 0 active service(s)


DESKTOP-L9JT8QA	Fri Mar 11 07:33:09 2016
	Shutting down the server with 1 active connection(s) to 1 database(s), 0 active service(s)


DESKTOP-L9JT8QA	Fri Mar 11 07:37:59 2016
	Shutting down the server with 1 active connection(s) to 1 database(s), 0 active service(s)


DESKTOP-L9JT8QA	Fri Mar 11 07:38:27 2016
	Shutting down the server with 1 active connection(s) to 1 database(s), 0 active service(s)


DESKTOP-L9JT8QA	Fri Mar 11 07:40:06 2016
	Shutting down the server with 1 active connection(s) to 1 database(s), 0 active service(s)


DESKTOP-L9JT8QA	Fri Mar 11 07:45:24 2016
	Shutting down the server with 1 active connection(s) to 1 database(s), 0 active service(s)


DESKTOP-L9JT8QA	Fri Mar 11 07:46:05 2016
	Shutting down the server with 1 active connection(s) to 1 database(s), 0 active service(s)


DESKTOP-L9JT8QA	Fri Mar 11 07:49:09 2016
	Shutting down the server with 1 active connection(s) to 1 database(s), 0 active service(s)


DESKTOP-L9JT8QA	Fri Mar 11 07:49:49 2016
	Shutting down the server with 1 active connection(s) to 1 database(s), 0 active service(s)


DESKTOP-L9JT8QA	Fri Mar 11 07:50:09 2016
	Shutting down the server with 1 active connection(s) to 1 database(s), 0 active service(s)


DESKTOP-L9JT8QA	Fri Mar 11 07:50:39 2016
	Shutting down the server with 1 active connection(s) to 1 database(s), 0 active service(s)


DESKTOP-L9JT8QA	Fri Mar 11 07:51:56 2016
	Shutting down the server with 1 active connection(s) to 1 database(s), 0 active service(s)


DESKTOP-L9JT8QA	Fri Mar 11 07:53:38 2016
	Shutting down the server with 1 active connection(s) to 1 database(s), 0 active service(s)


DESKTOP-L9JT8QA	Fri Mar 11 07:54:54 2016
	Shutting down the server with 1 active connection(s) to 1 database(s), 0 active service(s)


DESKTOP-L9JT8QA	Fri Mar 11 07:59:25 2016
	Shutting down the server with 1 active connection(s) to 1 database(s), 0 active service(s)


DESKTOP-L9JT8QA	Fri Mar 11 08:00:44 2016
	Shutting down the server with 1 active connection(s) to 1 database(s), 0 active service(s)


DESKTOP-L9JT8QA	Fri Mar 11 19:48:02 2016
	Shutting down the server with 1 active connection(s) to 1 database(s), 0 active service(s)


DESKTOP-L9JT8QA	Fri Mar 11 21:46:00 2016
	Shutting down the server with 1 active connection(s) to 1 database(s), 0 active service(s)


DESKTOP-L9JT8QA	Fri Mar 11 21:56:07 2016
	Shutting down the server with 1 active connection(s) to 1 database(s), 0 active service(s)


DESKTOP-L9JT8QA	Fri Mar 11 21:58:42 2016
	Shutting down the server with 1 active connection(s) to 1 database(s), 0 active service(s)


DESKTOP-L9JT8QA	Fri Mar 11 22:01:24 2016
	Shutting down the server with 1 active connection(s) to 1 database(s), 0 active service(s)


DESKTOP-L9JT8QA	Fri Mar 11 22:01:35 2016
	Shutting down the server with 1 active connection(s) to 1 database(s), 0 active service(s)


DESKTOP-L9JT8QA	Fri Mar 11 22:07:34 2016
	Shutting down the server with 1 active connection(s) to 1 database(s), 0 active service(s)


DESKTOP-L9JT8QA	Fri Mar 11 22:08:55 2016
	Shutting down the server with 1 active connection(s) to 1 database(s), 0 active service(s)


DESKTOP-L9JT8QA	Fri Mar 11 22:10:54 2016
	Shutting down the server with 1 active connection(s) to 1 database(s), 0 active service(s)


DESKTOP-L9JT8QA	Fri Mar 11 22:11:09 2016
	Shutting down the server with 1 active connection(s) to 1 database(s), 0 active service(s)


DESKTOP-L9JT8QA	Fri Mar 11 22:21:29 2016
	Shutting down the server with 1 active connection(s) to 1 database(s), 0 active service(s)


DESKTOP-L9JT8QA	Fri Mar 11 22:21:51 2016
	Shutting down the server with 1 active connection(s) to 1 database(s), 0 active service(s)


DESKTOP-L9JT8QA	Fri Mar 11 22:50:53 2016
	Shutting down the server with 1 active connection(s) to 1 database(s), 0 active service(s)


DESKTOP-L9JT8QA	Fri Mar 11 22:52:45 2016
	Shutting down the server with 1 active connection(s) to 1 database(s), 0 active service(s)


DESKTOP-L9JT8QA	Fri Mar 11 22:54:08 2016
	Shutting down the server with 1 active connection(s) to 1 database(s), 0 active service(s)


DESKTOP-L9JT8QA	Sat Mar 12 23:53:36 2016
	Shutting down the server with 1 active connection(s) to 1 database(s), 0 active service(s)


DESKTOP-L9JT8QA	Sat Mar 12 23:56:00 2016
	Shutting down the server with 1 active connection(s) to 1 database(s), 0 active service(s)


DESKTOP-L9JT8QA	Sat Mar 12 23:56:46 2016
	Shutting down the server with 1 active connection(s) to 1 database(s), 0 active service(s)


DESKTOP-L9JT8QA	Sun Mar 13 00:22:58 2016
	Shutting down the server with 1 active connection(s) to 1 database(s), 0 active service(s)


DESKTOP-L9JT8QA	Sun Mar 13 00:24:01 2016
	Shutting down the server with 1 active connection(s) to 1 database(s), 0 active service(s)


DESKTOP-L9JT8QA	Sun Mar 13 00:24:55 2016
	Shutting down the server with 1 active connection(s) to 1 database(s), 0 active service(s)


DESKTOP-L9JT8QA	Sun Mar 13 00:27:37 2016
	Shutting down the server with 1 active connection(s) to 1 database(s), 0 active service(s)


DESKTOP-L9JT8QA	Sun Mar 13 00:32:18 2016
	Shutting down the server with 1 active connection(s) to 1 database(s), 0 active service(s)


DESKTOP-L9JT8QA	Sun Mar 13 00:50:26 2016
	Shutting down the server with 1 active connection(s) to 1 database(s), 0 active service(s)


DESKTOP-L9JT8QA	Sun Mar 13 00:51:13 2016
	Shutting down the server with 1 active connection(s) to 1 database(s), 0 active service(s)


DESKTOP-L9JT8QA	Sun Mar 13 00:54:53 2016
	Shutting down the server with 1 active connection(s) to 1 database(s), 0 active service(s)


DESKTOP-L9JT8QA	Sun Mar 13 01:01:32 2016
	Shutting down the server with 1 active connection(s) to 1 database(s), 0 active service(s)


DESKTOP-L9JT8QA	Sun Mar 13 01:10:16 2016
	Shutting down the server with 1 active connection(s) to 1 database(s), 0 active service(s)


DESKTOP-L9JT8QA	Sun Mar 13 01:15:50 2016
	Shutting down the server with 1 active connection(s) to 1 database(s), 0 active service(s)


DESKTOP-L9JT8QA	Sun Mar 13 01:16:32 2016
	Shutting down the server with 1 active connection(s) to 1 database(s), 0 active service(s)


DESKTOP-L9JT8QA	Sun Mar 13 02:55:09 2016
	Shutting down the server with 1 active connection(s) to 1 database(s), 0 active service(s)


DESKTOP-L9JT8QA	Sun Mar 13 20:57:27 2016
	Shutting down the server with 1 active connection(s) to 1 database(s), 0 active service(s)


DESKTOP-L9JT8QA	Sun Mar 13 21:47:28 2016
	Shutting down the server with 1 active connection(s) to 1 database(s), 0 active service(s)


DESKTOP-L9JT8QA	Sun Mar 13 21:49:05 2016
	Shutting down the server with 1 active connection(s) to 1 database(s), 0 active service(s)


DESKTOP-L9JT8QA	Mon Mar 14 15:00:03 2016
	Shutting down the server with 1 active connection(s) to 1 database(s), 0 active service(s)


DESKTOP-L9JT8QA	Mon Mar 14 15:01:37 2016
	Shutting down the server with 1 active connection(s) to 1 database(s), 0 active service(s)


DESKTOP-L9JT8QA	Tue Mar 15 00:24:29 2016
	Shutting down the server with 1 active connection(s) to 1 database(s), 0 active service(s)


DESKTOP-L9JT8QA	Tue Mar 15 00:25:24 2016
	Shutting down the server with 1 active connection(s) to 1 database(s), 0 active service(s)


DESKTOP-L9JT8QA	Tue Mar 15 02:52:35 2016
	Shutting down the server with 1 active connection(s) to 1 database(s), 0 active service(s)


DESKTOP-L9JT8QA	Tue Mar 15 20:51:23 2016
	Shutting down the server with 1 active connection(s) to 1 database(s), 0 active service(s)


DESKTOP-L9JT8QA	Tue Mar 15 21:07:34 2016
	Shutting down the server with 1 active connection(s) to 1 database(s), 0 active service(s)


DESKTOP-L9JT8QA	Tue Mar 15 21:10:23 2016
	Shutting down the server with 1 active connection(s) to 1 database(s), 0 active service(s)


DESKTOP-L9JT8QA	Tue Mar 15 21:12:57 2016
	Shutting down the server with 1 active connection(s) to 1 database(s), 0 active service(s)


DESKTOP-L9JT8QA	Tue Mar 15 21:14:12 2016
	Shutting down the server with 1 active connection(s) to 1 database(s), 0 active service(s)


DESKTOP-L9JT8QA	Tue Mar 15 21:14:54 2016
	Shutting down the server with 1 active connection(s) to 1 database(s), 0 active service(s)


DESKTOP-L9JT8QA	Tue Mar 15 21:19:43 2016
	Shutting down the server with 1 active connection(s) to 1 database(s), 0 active service(s)


DESKTOP-L9JT8QA	Tue Mar 15 21:20:42 2016
	Shutting down the server with 1 active connection(s) to 1 database(s), 0 active service(s)


DESKTOP-L9JT8QA	Tue Mar 15 21:22:04 2016
	Shutting down the server with 1 active connection(s) to 1 database(s), 0 active service(s)


DESKTOP-L9JT8QA	Tue Mar 15 21:23:13 2016
	Shutting down the server with 1 active connection(s) to 1 database(s), 0 active service(s)


DESKTOP-L9JT8QA	Tue Mar 15 21:26:28 2016
	Shutting down the server with 1 active connection(s) to 1 database(s), 0 active service(s)


DESKTOP-L9JT8QA	Tue Mar 15 21:27:01 2016
	Shutting down the server with 1 active connection(s) to 1 database(s), 0 active service(s)


DESKTOP-L9JT8QA	Tue Mar 15 21:29:20 2016
	Shutting down the server with 1 active connection(s) to 1 database(s), 0 active service(s)


DESKTOP-L9JT8QA	Tue Mar 15 21:31:05 2016
	Shutting down the server with 1 active connection(s) to 1 database(s), 0 active service(s)


DESKTOP-L9JT8QA	Tue Mar 15 21:37:17 2016
	Shutting down the server with 1 active connection(s) to 1 database(s), 0 active service(s)


DESKTOP-L9JT8QA	Tue Mar 15 21:59:14 2016
	Shutting down the server with 1 active connection(s) to 1 database(s), 0 active service(s)


DESKTOP-L9JT8QA	Tue Mar 15 21:59:48 2016
	Shutting down the server with 1 active connection(s) to 1 database(s), 0 active service(s)


DESKTOP-L9JT8QA	Tue Mar 15 22:06:34 2016
	Shutting down the server with 1 active connection(s) to 1 database(s), 0 active service(s)


DESKTOP-L9JT8QA	Tue Mar 15 22:32:51 2016
	Shutting down the server with 1 active connection(s) to 1 database(s), 0 active service(s)


DESKTOP-L9JT8QA	Tue Mar 15 22:44:10 2016
	Shutting down the server with 1 active connection(s) to 1 database(s), 0 active service(s)


DESKTOP-L9JT8QA	Tue Mar 15 22:52:41 2016
	Shutting down the server with 1 active connection(s) to 1 database(s), 0 active service(s)


DESKTOP-L9JT8QA	Tue Mar 15 22:54:56 2016
	Shutting down the server with 1 active connection(s) to 1 database(s), 0 active service(s)


DESKTOP-L9JT8QA	Tue Mar 15 23:01:51 2016
	Shutting down the server with 1 active connection(s) to 1 database(s), 0 active service(s)


DESKTOP-L9JT8QA	Tue Mar 15 23:03:08 2016
	Shutting down the server with 1 active connection(s) to 1 database(s), 0 active service(s)


DESKTOP-L9JT8QA	Tue Mar 15 23:28:11 2016
	Shutting down the server with 1 active connection(s) to 1 database(s), 0 active service(s)


DESKTOP-L9JT8QA	Tue Mar 15 23:28:43 2016
	Shutting down the server with 1 active connection(s) to 1 database(s), 0 active service(s)


DESKTOP-L9JT8QA	Tue Mar 15 23:40:07 2016
	Shutting down the server with 1 active connection(s) to 1 database(s), 0 active service(s)


DESKTOP-L9JT8QA	Tue Mar 15 23:43:51 2016
	Shutting down the server with 1 active connection(s) to 1 database(s), 0 active service(s)


DESKTOP-L9JT8QA	Wed Mar 16 00:27:38 2016
	Shutting down the server with 1 active connection(s) to 1 database(s), 0 active service(s)


DESKTOP-L9JT8QA	Wed Mar 16 00:28:30 2016
	Shutting down the server with 1 active connection(s) to 1 database(s), 0 active service(s)


DESKTOP-L9JT8QA	Wed Mar 16 00:29:02 2016
	Shutting down the server with 1 active connection(s) to 1 database(s), 0 active service(s)


DESKTOP-L9JT8QA	Wed Mar 16 01:41:31 2016
	Shutting down the server with 1 active connection(s) to 1 database(s), 0 active service(s)


DESKTOP-L9JT8QA	Wed Mar 16 01:56:45 2016
	Shutting down the server with 1 active connection(s) to 1 database(s), 0 active service(s)


DESKTOP-L9JT8QA	Wed Mar 16 01:57:43 2016
	Shutting down the server with 1 active connection(s) to 1 database(s), 0 active service(s)


DESKTOP-L9JT8QA	Wed Mar 16 02:00:12 2016
	Shutting down the server with 1 active connection(s) to 1 database(s), 0 active service(s)


DESKTOP-L9JT8QA	Wed Mar 16 02:09:01 2016
	Shutting down the server with 1 active connection(s) to 1 database(s), 0 active service(s)


DESKTOP-L9JT8QA	Wed Mar 16 02:09:29 2016
	Shutting down the server with 1 active connection(s) to 1 database(s), 0 active service(s)


DESKTOP-L9JT8QA	Wed Mar 16 02:10:21 2016
	Shutting down the server with 1 active connection(s) to 1 database(s), 0 active service(s)


DESKTOP-L9JT8QA	Wed Mar 16 02:13:47 2016
	Shutting down the server with 1 active connection(s) to 1 database(s), 0 active service(s)


DESKTOP-L9JT8QA	Wed Mar 16 02:18:30 2016
	Shutting down the server with 1 active connection(s) to 1 database(s), 0 active service(s)


DESKTOP-L9JT8QA	Wed Mar 16 02:26:26 2016
	Shutting down the server with 1 active connection(s) to 1 database(s), 0 active service(s)


DESKTOP-L9JT8QA	Wed Mar 16 02:27:00 2016
	Shutting down the server with 1 active connection(s) to 1 database(s), 0 active service(s)


DESKTOP-L9JT8QA	Wed Mar 16 02:28:42 2016
	Shutting down the server with 1 active connection(s) to 1 database(s), 0 active service(s)


DESKTOP-L9JT8QA	Wed Mar 16 02:29:42 2016
	Shutting down the server with 1 active connection(s) to 1 database(s), 0 active service(s)


DESKTOP-L9JT8QA	Wed Mar 16 02:38:46 2016
	Shutting down the server with 1 active connection(s) to 1 database(s), 0 active service(s)


DESKTOP-L9JT8QA	Wed Mar 16 02:39:03 2016
	Shutting down the server with 1 active connection(s) to 1 database(s), 0 active service(s)


DESKTOP-L9JT8QA	Wed Mar 16 02:39:31 2016
	Shutting down the server with 1 active connection(s) to 1 database(s), 0 active service(s)

